#
# There is insufficient memory for the Java Runtime Environment to continue.
# Native memory allocation (mmap) failed to map 47185920 bytes for G1 virtual space
# Possible reasons:
#   The system is out of physical RAM or swap space
#   The process is running with CompressedOops enabled, and the Java Heap may be blocking the growth of the native heap
# Possible solutions:
#   Reduce memory load on the system
#   Increase physical memory or swap space
#   Check if swap backing store is full
#   Decrease Java heap size (-Xmx/-Xms)
#   Decrease number of Java threads
#   Decrease Java thread stack sizes (-Xss)
#   Set larger code cache with -XX:ReservedCodeCacheSize=
#   JVM is running with Unscaled Compressed Oops mode in which the Java heap is
#     placed in the first 4GB address space. The Java Heap base address is the
#     maximum limit for the native heap growth. Please use -XX:HeapBaseMinAddress
#     to set the Java Heap base and to place the Java Heap above 4GB virtual address.
# This output file may be truncated or incomplete.
#
#  Out of Memory Error (os_windows.cpp:3536), pid=18340, tid=15472
#
# JRE version: OpenJDK Runtime Environment Corretto-19.0.2.7.1 (19.0.2+7) (build 19.0.2+7-FR)
# Java VM: OpenJDK 64-Bit Server VM Corretto-19.0.2.7.1 (19.0.2+7-FR, mixed mode, emulated-client, sharing, tiered, compressed oops, compressed class ptrs, g1 gc, windows-amd64)
# No core dump will be written. Minidumps are not enabled by default on client versions of Windows
#

---------------  S U M M A R Y ------------

Command Line: -XX:TieredStopAtLevel=1 -Dspring.output.ansi.enabled=always -Dcom.sun.management.jmxremote -Dspring.jmx.enabled=true -Dspring.liveBeansView.mbeanDomain -Dspring.application.admin.enabled=true -Dmanagement.endpoints.jmx.exposure.include=* -javaagent:C:\Program Files\JetBrains\IntelliJ IDEA 2023.1.3\lib\idea_rt.jar=61613:C:\Program Files\JetBrains\IntelliJ IDEA 2023.1.3\bin -Dfile.encoding=UTF-8 -Dsun.stdout.encoding=UTF-8 -Dsun.stderr.encoding=UTF-8 co.edu.cue.CinemaGarcia.TestSpringApplication

Host: AMD Ryzen 5 3500U with Radeon Vega Mobile Gfx  , 8 cores, 5G,  Windows 11 , 64 bit Build 22000 (10.0.22000.2538)
Time: Fri Nov 24 21:19:14 2023 Hora est. Pacífico, Sudamérica elapsed time: 11.308803 seconds (0d 0h 0m 11s)

---------------  T H R E A D  ---------------

Current thread (0x000001efac938690):  VMThread "VM Thread" [stack: 0x000000b527200000,0x000000b527300000] [id=15472]

Stack: [0x000000b527200000,0x000000b527300000]
Native frames: (J=compiled Java code, j=interpreted, Vv=VM code, C=native code)
V  [jvm.dll+0x6d034a]
V  [jvm.dll+0x880f10]
V  [jvm.dll+0x88289e]
V  [jvm.dll+0x882f43]
V  [jvm.dll+0x27b4bb]
V  [jvm.dll+0x6cd13a]
V  [jvm.dll+0x6c1d3a]
V  [jvm.dll+0x351969]
V  [jvm.dll+0x359076]
V  [jvm.dll+0x3ad28a]
V  [jvm.dll+0x3ad4cf]
V  [jvm.dll+0x3261ea]
V  [jvm.dll+0x326297]
V  [jvm.dll+0x36ddd2]
V  [jvm.dll+0x36c4f0]
V  [jvm.dll+0x3259f0]
V  [jvm.dll+0x36ba8b]
V  [jvm.dll+0x887ff3]
V  [jvm.dll+0x888d9e]
V  [jvm.dll+0x8892e5]
V  [jvm.dll+0x88975b]
V  [jvm.dll+0x889815]
V  [jvm.dll+0x82e2fa]
V  [jvm.dll+0x6cf0d3]
C  [ucrtbase.dll+0x26c0c]
C  [KERNEL32.DLL+0x153e0]
C  [ntdll.dll+0x485b]

VM_Operation (0x000000b526cf9370): G1CollectForAllocation, mode: safepoint, requested by thread 0x000001ef9b342100


---------------  P R O C E S S  ---------------

Threads class SMR info:
_java_thread_list=0x000001efb137da00, length=20, elements={
0x000001ef9b342100, 0x000001efac953b40, 0x000001efac956ee0, 0x000001efac9584f0,
0x000001efac9590e0, 0x000001efac95b1c0, 0x000001efac95db00, 0x000001efac95e430,
0x000001efac961550, 0x000001efac9da330, 0x000001efac924de0, 0x000001efac9da880,
0x000001efac9db320, 0x000001efac9db870, 0x000001efac9dadd0, 0x000001efac9d8df0,
0x000001efac9d9890, 0x000001efac9dbdc0, 0x000001efac9d9340, 0x000001efac9d9de0
}

Java Threads: ( => current thread )
  0x000001ef9b342100 JavaThread "main" [_thread_blocked, id=13480, stack(0x000000b526c00000,0x000000b526d00000)]
  0x000001efac953b40 JavaThread "Reference Handler" daemon [_thread_blocked, id=884, stack(0x000000b527300000,0x000000b527400000)]
  0x000001efac956ee0 JavaThread "Finalizer" daemon [_thread_blocked, id=16964, stack(0x000000b527400000,0x000000b527500000)]
  0x000001efac9584f0 JavaThread "Signal Dispatcher" daemon [_thread_blocked, id=1632, stack(0x000000b527500000,0x000000b527600000)]
  0x000001efac9590e0 JavaThread "Attach Listener" daemon [_thread_blocked, id=18140, stack(0x000000b527600000,0x000000b527700000)]
  0x000001efac95b1c0 JavaThread "Service Thread" daemon [_thread_blocked, id=18292, stack(0x000000b527700000,0x000000b527800000)]
  0x000001efac95db00 JavaThread "Monitor Deflation Thread" daemon [_thread_blocked, id=16492, stack(0x000000b527800000,0x000000b527900000)]
  0x000001efac95e430 JavaThread "C1 CompilerThread0" daemon [_thread_blocked, id=5884, stack(0x000000b527900000,0x000000b527a00000)]
  0x000001efac961550 JavaThread "Sweeper thread" daemon [_thread_blocked, id=1828, stack(0x000000b527a00000,0x000000b527b00000)]
  0x000001efac9da330 JavaThread "Common-Cleaner" daemon [_thread_blocked, id=3124, stack(0x000000b527b00000,0x000000b527c00000)]
  0x000001efac924de0 JavaThread "C1 CompilerThread1" daemon [_thread_blocked, id=2720, stack(0x000000b527c00000,0x000000b527d00000)]
  0x000001efac9da880 JavaThread "Monitor Ctrl-Break" daemon [_thread_in_native, id=18244, stack(0x000000b527e00000,0x000000b527f00000)]
  0x000001efac9db320 JavaThread "Notification Thread" daemon [_thread_blocked, id=3460, stack(0x000000b527f00000,0x000000b528000000)]
  0x000001efac9db870 JavaThread "RMI TCP Accept-0" daemon [_thread_in_native, id=18184, stack(0x000000b528000000,0x000000b528100000)]
  0x000001efac9dadd0 JavaThread "Catalina-utility-1" [_thread_blocked, id=17992, stack(0x000000b528a00000,0x000000b528b00000)]
  0x000001efac9d8df0 JavaThread "Catalina-utility-2" [_thread_blocked, id=7340, stack(0x000000b528b00000,0x000000b528c00000)]
  0x000001efac9d9890 JavaThread "container-0" [_thread_blocked, id=16268, stack(0x000000b528c00000,0x000000b528d00000)]
  0x000001efac9dbdc0 JavaThread "mysql-cj-abandoned-connection-cleanup" daemon [_thread_blocked, id=8776, stack(0x000000b528d00000,0x000000b528e00000)]
  0x000001efac9d9340 JavaThread "HikariPool-1 housekeeper" daemon [_thread_blocked, id=6408, stack(0x000000b528e00000,0x000000b528f00000)]
  0x000001efac9d9de0 JavaThread "HikariPool-1 connection adder" daemon [_thread_blocked, id=9456, stack(0x000000b528f00000,0x000000b529000000)]

Other Threads:
=>0x000001efac938690 VMThread "VM Thread" [stack: 0x000000b527200000,0x000000b527300000] [id=15472]
  0x000001efb12288d0 WatcherThread "VM Periodic Task Thread" [stack: 0x000000b528100000,0x000000b528200000] [id=17784]
  0x000001ef9b393800 WorkerThread "GC Thread#0" [stack: 0x000000b526d00000,0x000000b526e00000] [id=16476]
  0x000001efb1584380 WorkerThread "GC Thread#1" [stack: 0x000000b528200000,0x000000b528300000] [id=17780]
  0x000001efb15e1980 WorkerThread "GC Thread#2" [stack: 0x000000b528300000,0x000000b528400000] [id=10068]
  0x000001efb15e1c50 WorkerThread "GC Thread#3" [stack: 0x000000b528400000,0x000000b528500000] [id=14684]
  0x000001efb15e1f20 WorkerThread "GC Thread#4" [stack: 0x000000b528500000,0x000000b528600000] [id=12564]
  0x000001efb15e2da0 WorkerThread "GC Thread#5" [stack: 0x000000b528600000,0x000000b528700000] [id=13924]
  0x000001efb15e46f0 WorkerThread "GC Thread#6" [stack: 0x000000b528700000,0x000000b528800000] [id=17980]
  0x000001efb15e3070 WorkerThread "GC Thread#7" [stack: 0x000000b528800000,0x000000b528900000] [id=17504]
  0x000001ef9b3a05e0 ConcurrentGCThread "G1 Main Marker" [stack: 0x000000b526e00000,0x000000b526f00000] [id=3356]
  0x000001ef9b3a1010 WorkerThread "G1 Conc#0" [stack: 0x000000b526f00000,0x000000b527000000] [id=3900]
  0x000001efb15e3610 WorkerThread "G1 Conc#1" [stack: 0x000000b528900000,0x000000b528a00000] [id=15668]
  0x000001efac7f10a0 ConcurrentGCThread "G1 Refine#0" [stack: 0x000000b527000000,0x000000b527100000] [id=17260]
  0x000001efac7f1be0 ConcurrentGCThread "G1 Service" [stack: 0x000000b527100000,0x000000b527200000] [id=9916]

Threads with active compile tasks:

VM state: at safepoint (normal execution)

VM Mutex/Monitor currently owned by a thread:  ([mutex/lock_event])
[0x000001ef9b33f930] Threads_lock - owner thread: 0x000001efac938690
[0x000001ef9b340500] Heap_lock - owner thread: 0x000001ef9b342100

Heap address: 0x00000000a0c00000, size: 1524 MB, Compressed Oops mode: 32-bit

CDS archive(s) mapped at: [0x0000000800000000-0x0000000800c40000-0x0000000800c40000), size 12845056, SharedBaseAddress: 0x0000000800000000, ArchiveRelocationMode: 0.
Compressed class space mapped at: 0x0000000801000000-0x0000000841000000, reserved size: 1073741824
Narrow klass base: 0x0000000800000000, Narrow klass shift: 0, Narrow klass range: 0x100000000

GC Precious Log:
 CardTable entry size: 512
 Card Set container configuration: InlinePtr #cards 5 size 8 Array Of Cards #cards 12 size 40 Howl #buckets 4 coarsen threshold 1843 Howl Bitmap #cards 512 size 80 coarsen threshold 460 Card regions per heap region 1 cards per card region 2048
 CPUs: 8 total, 8 available
 Memory: 6091M
 Large Page Support: Disabled
 NUMA Support: Disabled
 Compressed Oops: Enabled (32-bit)
 Heap Region Size: 1M
 Heap Min Capacity: 8M
 Heap Initial Capacity: 96M
 Heap Max Capacity: 1524M
 Pre-touch: Disabled
 Parallel Workers: 8
 Concurrent Workers: 2
 Concurrent Refinement Workers: 8
 Periodic GC: Disabled

Heap:
 garbage-first heap   total 51200K, used 21891K [0x00000000a0c00000, 0x0000000100000000)
  region size 1024K, 1 young (1024K), 1 survivors (1024K)
 Metaspace       used 45615K, committed 46144K, reserved 1114112K
  class space    used 6158K, committed 6400K, reserved 1048576K

Heap Regions: E=young(eden), S=young(survivor), O=old, HS=humongous(starts), HC=humongous(continues), CS=collection set, F=free, OA=open archive, CA=closed archive, TAMS=top-at-mark-start (previous, next)
|   0|0x00000000a0c00000, 0x00000000a0d00000, 0x00000000a0d00000|100%|HS|  |TAMS 0x00000000a0d00000, 0x00000000a0c00000| Complete 
|   1|0x00000000a0d00000, 0x00000000a0e00000, 0x00000000a0e00000|100%| O|  |TAMS 0x00000000a0e00000, 0x00000000a0d00000| Untracked 
|   2|0x00000000a0e00000, 0x00000000a0f00000, 0x00000000a0f00000|100%| O|  |TAMS 0x00000000a0f00000, 0x00000000a0e00000| Untracked 
|   3|0x00000000a0f00000, 0x00000000a1000000, 0x00000000a1000000|100%| O|  |TAMS 0x00000000a1000000, 0x00000000a0f00000| Untracked 
|   4|0x00000000a1000000, 0x00000000a1100000, 0x00000000a1100000|100%| O|  |TAMS 0x00000000a1100000, 0x00000000a1000000| Untracked 
|   5|0x00000000a1100000, 0x00000000a1200000, 0x00000000a1200000|100%| O|  |TAMS 0x00000000a1200000, 0x00000000a1100000| Untracked 
|   6|0x00000000a1200000, 0x00000000a1300000, 0x00000000a1300000|100%| O|  |TAMS 0x00000000a1300000, 0x00000000a1200000| Untracked 
|   7|0x00000000a1300000, 0x00000000a1400000, 0x00000000a1400000|100%| O|  |TAMS 0x00000000a1400000, 0x00000000a1300000| Untracked 
|   8|0x00000000a1400000, 0x00000000a1500000, 0x00000000a1500000|100%| O|  |TAMS 0x00000000a1500000, 0x00000000a1400000| Untracked 
|   9|0x00000000a1500000, 0x00000000a1600000, 0x00000000a1600000|100%| O|  |TAMS 0x00000000a1600000, 0x00000000a1500000| Untracked 
|  10|0x00000000a1600000, 0x00000000a1700000, 0x00000000a1700000|100%| O|  |TAMS 0x00000000a1700000, 0x00000000a1600000| Untracked 
|  11|0x00000000a1700000, 0x00000000a1800000, 0x00000000a1800000|100%| O|  |TAMS 0x00000000a1800000, 0x00000000a1700000| Untracked 
|  12|0x00000000a1800000, 0x00000000a1900000, 0x00000000a1900000|100%| O|  |TAMS 0x00000000a1900000, 0x00000000a1800000| Untracked 
|  13|0x00000000a1900000, 0x00000000a1a00000, 0x00000000a1a00000|100%| O|  |TAMS 0x00000000a1a00000, 0x00000000a1900000| Untracked 
|  14|0x00000000a1a00000, 0x00000000a1b00000, 0x00000000a1b00000|100%| O|  |TAMS 0x00000000a1b00000, 0x00000000a1a00000| Untracked 
|  15|0x00000000a1b00000, 0x00000000a1c00000, 0x00000000a1c00000|100%| O|  |TAMS 0x00000000a1c00000, 0x00000000a1b00000| Untracked 
|  16|0x00000000a1c00000, 0x00000000a1c00000, 0x00000000a1d00000|  0%| F|  |TAMS 0x00000000a1c00000, 0x00000000a1c00000| Untracked 
|  17|0x00000000a1d00000, 0x00000000a1e00000, 0x00000000a1e00000|100%| O|  |TAMS 0x00000000a1d47c00, 0x00000000a1d00000| Untracked 
|  18|0x00000000a1e00000, 0x00000000a1f00000, 0x00000000a1f00000|100%| O|  |TAMS 0x00000000a1e00000, 0x00000000a1e00000| Untracked 
|  19|0x00000000a1f00000, 0x00000000a2000000, 0x00000000a2000000|100%| O|  |TAMS 0x00000000a1f00000, 0x00000000a1f00000| Untracked 
|  20|0x00000000a2000000, 0x00000000a2100000, 0x00000000a2100000|100%| O|  |TAMS 0x00000000a2000000, 0x00000000a2000000| Untracked 
|  21|0x00000000a2100000, 0x00000000a216d800, 0x00000000a2200000| 42%| O|  |TAMS 0x00000000a2100000, 0x00000000a2100000| Untracked 
|  22|0x00000000a2200000, 0x00000000a2200000, 0x00000000a2300000|  0%| F|  |TAMS 0x00000000a2200000, 0x00000000a2200000| Untracked 
|  23|0x00000000a2300000, 0x00000000a2300000, 0x00000000a2400000|  0%| F|  |TAMS 0x00000000a2300000, 0x00000000a2300000| Untracked 
|  24|0x00000000a2400000, 0x00000000a2400000, 0x00000000a2500000|  0%| F|  |TAMS 0x00000000a2400000, 0x00000000a2400000| Untracked 
|  25|0x00000000a2500000, 0x00000000a2500000, 0x00000000a2600000|  0%| F|  |TAMS 0x00000000a2500000, 0x00000000a2500000| Untracked 
|  26|0x00000000a2600000, 0x00000000a2600000, 0x00000000a2700000|  0%| F|  |TAMS 0x00000000a2600000, 0x00000000a2600000| Untracked 
|  27|0x00000000a2700000, 0x00000000a2700000, 0x00000000a2800000|  0%| F|  |TAMS 0x00000000a2700000, 0x00000000a2700000| Untracked 
|  28|0x00000000a2800000, 0x00000000a2800000, 0x00000000a2900000|  0%| F|  |TAMS 0x00000000a2800000, 0x00000000a2800000| Untracked 
|  29|0x00000000a2900000, 0x00000000a2900000, 0x00000000a2a00000|  0%| F|  |TAMS 0x00000000a2900000, 0x00000000a2900000| Untracked 
|  30|0x00000000a2a00000, 0x00000000a2a00000, 0x00000000a2b00000|  0%| F|  |TAMS 0x00000000a2a00000, 0x00000000a2a00000| Untracked 
|  31|0x00000000a2b00000, 0x00000000a2bf3438, 0x00000000a2c00000| 95%| S|CS|TAMS 0x00000000a2b00000, 0x00000000a2b00000| Complete 
|  32|0x00000000a2c00000, 0x00000000a2c00000, 0x00000000a2d00000|  0%| F|  |TAMS 0x00000000a2c00000, 0x00000000a2c00000| Untracked 
|  33|0x00000000a2d00000, 0x00000000a2d00000, 0x00000000a2e00000|  0%| F|  |TAMS 0x00000000a2d00000, 0x00000000a2d00000| Untracked 
|  34|0x00000000a2e00000, 0x00000000a2e00000, 0x00000000a2f00000|  0%| F|  |TAMS 0x00000000a2e00000, 0x00000000a2e00000| Untracked 
|  35|0x00000000a2f00000, 0x00000000a2f00000, 0x00000000a3000000|  0%| F|  |TAMS 0x00000000a2f00000, 0x00000000a2f00000| Untracked 
|  36|0x00000000a3000000, 0x00000000a3000000, 0x00000000a3100000|  0%| F|  |TAMS 0x00000000a3000000, 0x00000000a3000000| Untracked 
|  37|0x00000000a3100000, 0x00000000a3100000, 0x00000000a3200000|  0%| F|  |TAMS 0x00000000a3100000, 0x00000000a3100000| Untracked 
|  38|0x00000000a3200000, 0x00000000a3200000, 0x00000000a3300000|  0%| F|  |TAMS 0x00000000a3200000, 0x00000000a3200000| Untracked 
|  39|0x00000000a3300000, 0x00000000a3300000, 0x00000000a3400000|  0%| F|  |TAMS 0x00000000a3300000, 0x00000000a3300000| Untracked 
|  40|0x00000000a3400000, 0x00000000a3400000, 0x00000000a3500000|  0%| F|  |TAMS 0x00000000a3400000, 0x00000000a3400000| Untracked 
|  41|0x00000000a3500000, 0x00000000a3500000, 0x00000000a3600000|  0%| F|  |TAMS 0x00000000a3500000, 0x00000000a3500000| Untracked 
|  42|0x00000000a3600000, 0x00000000a3600000, 0x00000000a3700000|  0%| F|  |TAMS 0x00000000a3600000, 0x00000000a3600000| Untracked 
|  43|0x00000000a3700000, 0x00000000a3700000, 0x00000000a3800000|  0%| F|  |TAMS 0x00000000a3700000, 0x00000000a3700000| Untracked 
|  44|0x00000000a3800000, 0x00000000a3800000, 0x00000000a3900000|  0%| F|  |TAMS 0x00000000a3800000, 0x00000000a3800000| Untracked 
|  45|0x00000000a3900000, 0x00000000a3900000, 0x00000000a3a00000|  0%| F|  |TAMS 0x00000000a3900000, 0x00000000a3900000| Untracked 
|  46|0x00000000a3a00000, 0x00000000a3a00000, 0x00000000a3b00000|  0%| F|  |TAMS 0x00000000a3a00000, 0x00000000a3a00000| Untracked 
|  47|0x00000000a3b00000, 0x00000000a3b00000, 0x00000000a3c00000|  0%| F|  |TAMS 0x00000000a3b00000, 0x00000000a3b00000| Untracked 
|  48|0x00000000a3c00000, 0x00000000a3c00000, 0x00000000a3d00000|  0%| F|  |TAMS 0x00000000a3c00000, 0x00000000a3c00000| Untracked 
|  95|0x00000000a6b00000, 0x00000000a6b00000, 0x00000000a6c00000|  0%| F|  |TAMS 0x00000000a6b00000, 0x00000000a6b00000| Untracked 

Card table byte_map: [0x000001efa6940000,0x000001efa6c40000] _byte_map_base: 0x000001efa643a000

Marking Bits (Prev, Next): (CMBitMap*) 0x000001ef9b393e30, (CMBitMap*) 0x000001ef9b393e70
 Prev Bits: [0x000001efa6f40000, 0x000001efa8710000)
 Next Bits: [0x000001efa8710000, 0x000001efa9ee0000)

Polling page: 0x000001ef9ab10000

Metaspace:

Usage:
  Non-class:     38.53 MB used.
      Class:      6.01 MB used.
       Both:     44.55 MB used.

Virtual space:
  Non-class space:       64.00 MB reserved,      38.81 MB ( 61%) committed,  1 nodes.
      Class space:        1.00 GB reserved,       6.25 MB ( <1%) committed,  1 nodes.
             Both:        1.06 GB reserved,      45.06 MB (  4%) committed. 

Chunk freelists:
   Non-Class:  1.09 MB
       Class:  1.77 MB
        Both:  2.86 MB

MaxMetaspaceSize: unlimited
CompressedClassSpaceSize: 1.00 GB
Initial GC threshold: 21.00 MB
Current GC threshold: 58.75 MB
CDS: on
MetaspaceReclaimPolicy: balanced
 - commit_granule_bytes: 65536.
 - commit_granule_words: 8192.
 - virtual_space_node_default_size: 8388608.
 - enlarge_chunks_in_place: 1.
 - new_chunks_are_fully_committed: 0.
 - uncommit_free_chunks: 1.
 - use_allocation_guard: 0.


Internal statistics:

num_allocs_failed_limit: 6.
num_arena_births: 748.
num_arena_deaths: 0.
num_vsnodes_births: 2.
num_vsnodes_deaths: 0.
num_space_committed: 721.
num_space_uncommitted: 0.
num_chunks_returned_to_freelist: 6.
num_chunks_taken_from_freelist: 2234.
num_chunk_merges: 6.
num_chunk_splits: 1701.
num_chunks_enlarged: 1368.
num_inconsistent_stats: 0.

CodeCache: size=49152Kb used=8338Kb max_used=8429Kb free=40813Kb
 bounds [0x000001efa3530000, 0x000001efa3d70000, 0x000001efa6530000]
 total_blobs=4831 nmethods=4221 adapters=533
 compilation: enabled
              stopped_count=0, restarted_count=0
 full_count=0

Compilation events (20 events):
Event: 10.933 Thread 0x000001efac924de0 nmethod 4211 0x000001efa3719110 code [0x000001efa37192c0, 0x000001efa37193a8]
Event: 10.933 Thread 0x000001efac95e430 nmethod 4210 0x000001efa3718c10 code [0x000001efa3718dc0, 0x000001efa3718fe8]
Event: 10.962 Thread 0x000001efac95e430 4212       1       java.util.ArrayList$ArrayListSpliterator::getFence (35 bytes)
Event: 10.962 Thread 0x000001efac95e430 nmethod 4212 0x000001efa3717d10 code [0x000001efa3717ea0, 0x000001efa3717f78]
Event: 10.963 Thread 0x000001efac95e430 4213       1       org.hibernate.mapping.SimpleValue::getSelectables (5 bytes)
Event: 10.963 Thread 0x000001efac95e430 nmethod 4213 0x000001efa3717a10 code [0x000001efa3717ba0, 0x000001efa3717c58]
Event: 10.987 Thread 0x000001efac95e430 4214       1       java.util.ServiceLoader$ModuleServicesLookupIterator::iteratorFor (191 bytes)
Event: 10.990 Thread 0x000001efac95e430 nmethod 4214 0x000001efa3715c90 code [0x000001efa3716000, 0x000001efa3716e88]
Event: 10.992 Thread 0x000001efac95e430 4216       1       java.util.Formatter$Flags::contains (13 bytes)
Event: 10.992 Thread 0x000001efac924de0 4215       1       java.util.Formatter$FormatSpecifier::index (5 bytes)
Event: 10.992 Thread 0x000001efac924de0 nmethod 4215 0x000001efa3715990 code [0x000001efa3715b20, 0x000001efa3715bd8]
Event: 10.992 Thread 0x000001efac95e430 nmethod 4216 0x000001efa3715690 code [0x000001efa3715820, 0x000001efa37158d8]
Event: 11.066 Thread 0x000001efac95e430 4218   !   1       java.util.regex.Pattern::closure (276 bytes)
Event: 11.066 Thread 0x000001efac924de0 4219       1       org.hibernate.internal.util.collections.CaseInsensitiveDictionary::trueKey (8 bytes)
Event: 11.067 Thread 0x000001efac924de0 nmethod 4219 0x000001efa3714c90 code [0x000001efa3714e40, 0x000001efa3714f78]
Event: 11.069 Thread 0x000001efac95e430 nmethod 4218 0x000001efa3712e10 code [0x000001efa3713180, 0x000001efa3714298]
Event: 11.199 Thread 0x000001efac95e430 4220       1       org.hibernate.service.spi.ServiceBinding::getService (5 bytes)
Event: 11.199 Thread 0x000001efac95e430 nmethod 4220 0x000001efa3712510 code [0x000001efa37126a0, 0x000001efa3712758]
Event: 11.225 Thread 0x000001efac95e430 4221       1       jdk.internal.misc.VM::initLevel (4 bytes)
Event: 11.226 Thread 0x000001efac95e430 nmethod 4221 0x000001efa3712210 code [0x000001efa37123a0, 0x000001efa3712458]

GC Heap History (20 events):
Event: 2.019 GC heap after
{Heap after GC invocations=1 (full 0):
 garbage-first heap   total 98304K, used 7584K [0x00000000a0c00000, 0x0000000100000000)
  region size 1024K, 3 young (3072K), 3 survivors (3072K)
 Metaspace       used 7443K, committed 7680K, reserved 1114112K
  class space    used 886K, committed 1024K, reserved 1048576K
}
Event: 3.397 GC heap before
{Heap before GC invocations=1 (full 0):
 garbage-first heap   total 98304K, used 32160K [0x00000000a0c00000, 0x0000000100000000)
  region size 1024K, 28 young (28672K), 3 survivors (3072K)
 Metaspace       used 13732K, committed 14080K, reserved 1114112K
  class space    used 1722K, committed 1856K, reserved 1048576K
}
Event: 3.406 GC heap after
{Heap after GC invocations=2 (full 0):
 garbage-first heap   total 98304K, used 9715K [0x00000000a0c00000, 0x0000000100000000)
  region size 1024K, 2 young (2048K), 2 survivors (2048K)
 Metaspace       used 13732K, committed 14080K, reserved 1114112K
  class space    used 1722K, committed 1856K, reserved 1048576K
}
Event: 6.577 GC heap before
{Heap before GC invocations=2 (full 0):
 garbage-first heap   total 98304K, used 58867K [0x00000000a0c00000, 0x0000000100000000)
  region size 1024K, 52 young (53248K), 2 survivors (2048K)
 Metaspace       used 21198K, committed 21504K, reserved 1114112K
  class space    used 2723K, committed 2816K, reserved 1048576K
}
Event: 6.598 GC heap after
{Heap after GC invocations=3 (full 0):
 garbage-first heap   total 98304K, used 13575K [0x00000000a0c00000, 0x0000000100000000)
  region size 1024K, 6 young (6144K), 6 survivors (6144K)
 Metaspace       used 21198K, committed 21504K, reserved 1114112K
  class space    used 2723K, committed 2816K, reserved 1048576K
}
Event: 7.810 GC heap before
{Heap before GC invocations=4 (full 0):
 garbage-first heap   total 51200K, used 38151K [0x00000000a0c00000, 0x0000000100000000)
  region size 1024K, 30 young (30720K), 6 survivors (6144K)
 Metaspace       used 24837K, committed 25280K, reserved 1114112K
  class space    used 3301K, committed 3520K, reserved 1048576K
}
Event: 7.835 GC heap after
{Heap after GC invocations=5 (full 0):
 garbage-first heap   total 51200K, used 15686K [0x00000000a0c00000, 0x0000000100000000)
  region size 1024K, 3 young (3072K), 3 survivors (3072K)
 Metaspace       used 24837K, committed 25280K, reserved 1114112K
  class space    used 3301K, committed 3520K, reserved 1048576K
}
Event: 7.883 GC heap before
{Heap before GC invocations=5 (full 0):
 garbage-first heap   total 51200K, used 16710K [0x00000000a0c00000, 0x0000000100000000)
  region size 1024K, 4 young (4096K), 3 survivors (3072K)
 Metaspace       used 24931K, committed 25408K, reserved 1114112K
  class space    used 3317K, committed 3520K, reserved 1048576K
}
Event: 7.893 GC heap after
{Heap after GC invocations=6 (full 0):
 garbage-first heap   total 51200K, used 16329K [0x00000000a0c00000, 0x0000000100000000)
  region size 1024K, 1 young (1024K), 1 survivors (1024K)
 Metaspace       used 24931K, committed 25408K, reserved 1114112K
  class space    used 3317K, committed 3520K, reserved 1048576K
}
Event: 8.641 GC heap before
{Heap before GC invocations=6 (full 0):
 garbage-first heap   total 51200K, used 33737K [0x00000000a0c00000, 0x0000000100000000)
  region size 1024K, 19 young (19456K), 1 survivors (1024K)
 Metaspace       used 28216K, committed 28672K, reserved 1114112K
  class space    used 3757K, committed 3968K, reserved 1048576K
}
Event: 8.645 GC heap after
{Heap after GC invocations=7 (full 0):
 garbage-first heap   total 51200K, used 17794K [0x00000000a0c00000, 0x0000000100000000)
  region size 1024K, 2 young (2048K), 2 survivors (2048K)
 Metaspace       used 28216K, committed 28672K, reserved 1114112K
  class space    used 3757K, committed 3968K, reserved 1048576K
}
Event: 9.393 GC heap before
{Heap before GC invocations=7 (full 0):
 garbage-first heap   total 51200K, used 36226K [0x00000000a0c00000, 0x0000000100000000)
  region size 1024K, 20 young (20480K), 2 survivors (2048K)
 Metaspace       used 31912K, committed 32448K, reserved 1114112K
  class space    used 4269K, committed 4480K, reserved 1048576K
}
Event: 9.397 GC heap after
{Heap after GC invocations=8 (full 0):
 garbage-first heap   total 51200K, used 18759K [0x00000000a0c00000, 0x0000000100000000)
  region size 1024K, 2 young (2048K), 2 survivors (2048K)
 Metaspace       used 31912K, committed 32448K, reserved 1114112K
  class space    used 4269K, committed 4480K, reserved 1048576K
}
Event: 9.929 GC heap before
{Heap before GC invocations=8 (full 0):
 garbage-first heap   total 51200K, used 33095K [0x00000000a0c00000, 0x0000000100000000)
  region size 1024K, 17 young (17408K), 2 survivors (2048K)
 Metaspace       used 35421K, committed 35968K, reserved 1114112K
  class space    used 4776K, committed 5056K, reserved 1048576K
}
Event: 9.932 GC heap after
{Heap after GC invocations=9 (full 0):
 garbage-first heap   total 51200K, used 19466K [0x00000000a0c00000, 0x0000000100000000)
  region size 1024K, 2 young (2048K), 2 survivors (2048K)
 Metaspace       used 35421K, committed 35968K, reserved 1114112K
  class space    used 4776K, committed 5056K, reserved 1048576K
}
Event: 10.598 GC heap before
{Heap before GC invocations=10 (full 0):
 garbage-first heap   total 51200K, used 37898K [0x00000000a0c00000, 0x0000000100000000)
  region size 1024K, 20 young (20480K), 2 survivors (2048K)
 Metaspace       used 39994K, committed 40512K, reserved 1114112K
  class space    used 5379K, committed 5632K, reserved 1048576K
}
Event: 10.603 GC heap after
{Heap after GC invocations=11 (full 0):
 garbage-first heap   total 51200K, used 21291K [0x00000000a0c00000, 0x0000000100000000)
  region size 1024K, 3 young (3072K), 3 survivors (3072K)
 Metaspace       used 39994K, committed 40512K, reserved 1114112K
  class space    used 5379K, committed 5632K, reserved 1048576K
}
Event: 10.646 GC heap before
{Heap before GC invocations=11 (full 0):
 garbage-first heap   total 51200K, used 22315K [0x00000000a0c00000, 0x0000000100000000)
  region size 1024K, 4 young (4096K), 3 survivors (3072K)
 Metaspace       used 40210K, committed 40768K, reserved 1114112K
  class space    used 5407K, committed 5696K, reserved 1048576K
}
Event: 10.650 GC heap after
{Heap after GC invocations=12 (full 0):
 garbage-first heap   total 51200K, used 21223K [0x00000000a0c00000, 0x0000000100000000)
  region size 1024K, 1 young (1024K), 1 survivors (1024K)
 Metaspace       used 40210K, committed 40768K, reserved 1114112K
  class space    used 5407K, committed 5696K, reserved 1048576K
}
Event: 11.301 GC heap before
{Heap before GC invocations=12 (full 0):
 garbage-first heap   total 51200K, used 37607K [0x00000000a0c00000, 0x0000000100000000)
  region size 1024K, 18 young (18432K), 1 survivors (1024K)
 Metaspace       used 45615K, committed 46144K, reserved 1114112K
  class space    used 6158K, committed 6400K, reserved 1048576K
}

Dll operation events (14 events):
Event: 0.027 Loaded shared library C:\Users\Admin\.jdks\corretto-19.0.2\bin\java.dll
Event: 0.048 Loaded shared library C:\Users\Admin\.jdks\corretto-19.0.2\bin\jsvml.dll
Event: 0.326 Loaded shared library C:\Users\Admin\.jdks\corretto-19.0.2\bin\zip.dll
Event: 0.334 Loaded shared library C:\Users\Admin\.jdks\corretto-19.0.2\bin\instrument.dll
Event: 0.350 Loaded shared library C:\Users\Admin\.jdks\corretto-19.0.2\bin\net.dll
Event: 0.355 Loaded shared library C:\Users\Admin\.jdks\corretto-19.0.2\bin\nio.dll
Event: 0.362 Loaded shared library C:\Users\Admin\.jdks\corretto-19.0.2\bin\zip.dll
Event: 0.595 Loaded shared library C:\Program Files\JetBrains\IntelliJ IDEA 2023.1.3\bin\breakgen64.dll
Event: 0.630 Loaded shared library C:\Users\Admin\.jdks\corretto-19.0.2\bin\jimage.dll
Event: 0.634 Loaded shared library C:\Users\Admin\.jdks\corretto-19.0.2\bin\extnet.dll
Event: 0.693 Loaded shared library C:\Users\Admin\.jdks\corretto-19.0.2\bin\management.dll
Event: 0.736 Loaded shared library C:\Users\Admin\.jdks\corretto-19.0.2\bin\management_ext.dll
Event: 8.397 Loaded shared library C:\Users\Admin\.jdks\corretto-19.0.2\bin\sunmscapi.dll
Event: 9.504 Loaded shared library C:\Users\Admin\.jdks\corretto-19.0.2\bin\verify.dll

Deoptimization events (8 events):
Event: 1.041 Thread 0x000001ef9b342100 DEOPT PACKING pc=0x000001efa3863dd5 sp=0x000000b526cfcf80
Event: 1.041 Thread 0x000001ef9b342100 DEOPT UNPACKING pc=0x000001efa3597543 sp=0x000000b526cfc430 mode 3
Event: 1.069 Thread 0x000001ef9b342100 DEOPT PACKING pc=0x000001efa387bbd0 sp=0x000000b526cfcf50
Event: 1.069 Thread 0x000001ef9b342100 DEOPT UNPACKING pc=0x000001efa3597543 sp=0x000000b526cfc408 mode 3
Event: 3.441 Thread 0x000001ef9b342100 DEOPT PACKING pc=0x000001efa3a5fdb9 sp=0x000000b526cfd310
Event: 3.441 Thread 0x000001ef9b342100 DEOPT UNPACKING pc=0x000001efa3597543 sp=0x000000b526cfc7f0 mode 3
Event: 8.171 Thread 0x000001ef9b342100 DEOPT PACKING pc=0x000001efa3d1da9d sp=0x000000b526cfd160
Event: 8.171 Thread 0x000001ef9b342100 DEOPT UNPACKING pc=0x000001efa3597543 sp=0x000000b526cfc6c8 mode 3

Classes loaded (20 events):
Event: 10.742 Loading class sun/security/provider/ByteArrayAccess$LE
Event: 10.742 Loading class sun/security/provider/ByteArrayAccess$LE done
Event: 10.743 Loading class java/math/MutableBigInteger
Event: 10.744 Loading class java/math/MutableBigInteger done
Event: 10.832 Loading class javax/naming/RefAddr
Event: 10.832 Loading class javax/naming/RefAddr done
Event: 10.832 Loading class javax/naming/StringRefAddr
Event: 10.832 Loading class javax/naming/StringRefAddr done
Event: 10.874 Loading class java/util/concurrent/CompletionStage
Event: 10.874 Loading class java/util/concurrent/CompletionStage done
Event: 10.876 Loading class java/util/concurrent/CompletableFuture
Event: 10.877 Loading class java/util/concurrent/CompletableFuture done
Event: 10.878 Loading class java/util/concurrent/CompletableFuture$AltResult
Event: 10.878 Loading class java/util/concurrent/CompletableFuture$AltResult done
Event: 10.878 Loading class java/util/concurrent/CompletableFuture$Completion
Event: 10.878 Loading class java/util/concurrent/CompletableFuture$AsynchronousCompletionTask
Event: 10.879 Loading class java/util/concurrent/CompletableFuture$AsynchronousCompletionTask done
Event: 10.880 Loading class java/util/concurrent/CompletableFuture$Completion done
Event: 10.973 Loading class java/util/concurrent/CancellationException
Event: 10.973 Loading class java/util/concurrent/CancellationException done

Classes unloaded (0 events):
No events

Classes redefined (0 events):
No events

Internal exceptions (20 events):
Event: 7.896 Thread 0x000001ef9b342100 Exception <a 'java/lang/NoSuchMethodError'{0x00000000a6b16480}: 'void java.lang.invoke.DirectMethodHandle$Holder.invokeInterface(java.lang.Object, java.lang.Object, int)'> (0x00000000a6b16480) 
thrown [s\src\hotspot\share\interpreter\linkResolver.cpp, line 774]
Event: 7.904 Thread 0x000001ef9b342100 Exception <a 'java/lang/IncompatibleClassChangeError'{0x00000000a6b65bb8}: Found class java.lang.Object, but interface was expected> (0x00000000a6b65bb8) 
thrown [s\src\hotspot\share\interpreter\linkResolver.cpp, line 841]
Event: 7.907 Thread 0x000001ef9b342100 Exception <a 'java/lang/NoSuchMethodError'{0x00000000a6b7e810}: 'void java.lang.invoke.DirectMethodHandle$Holder.invokeStatic(java.lang.Object, int, java.lang.Object)'> (0x00000000a6b7e810) 
thrown [s\src\hotspot\share\interpreter\linkResolver.cpp, line 774]
Event: 7.919 Thread 0x000001ef9b342100 Exception <a 'java/lang/NoSuchMethodError'{0x00000000a6bbca80}: 'void java.lang.invoke.DirectMethodHandle$Holder.invokeStatic(java.lang.Object, java.lang.Object, java.lang.Object, int, java.lang.Object)'> (0x00000000a6bbca80) 
thrown [s\src\hotspot\share\interpreter\linkResolver.cpp, line 774]
Event: 7.919 Thread 0x000001ef9b342100 Exception <a 'java/lang/NoSuchMethodError'{0x00000000a6bc3f50}: 'java.lang.Object java.lang.invoke.DirectMethodHandle$Holder.newInvokeSpecial(java.lang.Object, java.lang.Object, java.lang.Object, int)'> (0x00000000a6bc3f50) 
thrown [s\src\hotspot\share\interpreter\linkResolver.cpp, line 774]
Event: 7.920 Thread 0x000001ef9b342100 Exception <a 'java/lang/NoSuchMethodError'{0x00000000a6bc8070}: 'java.lang.Object java.lang.invoke.DirectMethodHandle$Holder.invokeSpecial(java.lang.Object, java.lang.Object, java.lang.Object, java.lang.Object, int)'> (0x00000000a6bc8070) 
thrown [s\src\hotspot\share\interpreter\linkResolver.cpp, line 774]
Event: 7.920 Thread 0x000001ef9b342100 Exception <a 'java/lang/NoSuchMethodError'{0x00000000a6bcb788}: 'java.lang.Object java.lang.invoke.Invokers$Holder.linkToTargetMethod(java.lang.Object, java.lang.Object, int, java.lang.Object)'> (0x00000000a6bcb788) 
thrown [s\src\hotspot\share\interpreter\linkResolver.cpp, line 774]
Event: 8.156 Thread 0x000001ef9b342100 Exception <a 'java/lang/NoSuchMethodError'{0x00000000a3569a68}: 'int java.lang.invoke.DirectMethodHandle$Holder.invokeVirtual(java.lang.Object, java.lang.Object, java.lang.Object, java.lang.Object)'> (0x00000000a3569a68) 
thrown [s\src\hotspot\share\interpreter\linkResolver.cpp, line 774]
Event: 8.157 Thread 0x000001ef9b342100 Exception <a 'java/lang/NoSuchMethodError'{0x00000000a356d778}: 'int java.lang.invoke.DelegatingMethodHandle$Holder.reinvoke_L(java.lang.Object, java.lang.Object, java.lang.Object, java.lang.Object)'> (0x00000000a356d778) 
thrown [s\src\hotspot\share\interpreter\linkResolver.cpp, line 774]
Event: 8.430 Thread 0x000001ef9b342100 Exception <a 'java/io/FileNotFoundException'{0x00000000a30b01c8}> (0x00000000a30b01c8) 
thrown [s\src\hotspot\share\prims\jni.cpp, line 517]
Event: 8.479 Thread 0x000001ef9b342100 Exception <a 'java/lang/NoSuchMethodError'{0x00000000a2e3b340}: 'int java.lang.invoke.DirectMethodHandle$Holder.invokeInterface(java.lang.Object, java.lang.Object, java.lang.Object, java.lang.Object)'> (0x00000000a2e3b340) 
thrown [s\src\hotspot\share\interpreter\linkResolver.cpp, line 774]
Event: 8.592 Thread 0x000001ef9b342100 Exception <a 'java/lang/NoSuchMethodError'{0x00000000a2cb9268}: 'long java.lang.invoke.DirectMethodHandle$Holder.invokeVirtual(java.lang.Object, java.lang.Object)'> (0x00000000a2cb9268) 
thrown [s\src\hotspot\share\interpreter\linkResolver.cpp, line 774]
Event: 8.754 Thread 0x000001ef9b342100 Exception <a 'java/lang/NoSuchMethodError'{0x00000000a3a960b8}: 'java.lang.Object java.lang.invoke.DirectMethodHandle$Holder.newInvokeSpecial(java.lang.Object, java.lang.Object, java.lang.Object, java.lang.Object, java.lang.Object, java.lang.Object, java.lang.Object, java.lang.Object, java.lang.Object, java.lang.Object, java.lang.Object)'> (0x00000000a3a960b8) 
thrown [s\src\hotspot\share\interpreter\linkResolver.cpp, line 774]
Event: 8.822 Thread 0x000001ef9b342100 Exception <a 'sun/nio/fs/WindowsException'{0x00000000a3814fe0}> (0x00000000a3814fe0) 
thrown [s\src\hotspot\share\prims\jni.cpp, line 517]
Event: 8.912 Thread 0x000001ef9b342100 Exception <a 'java/lang/NoSuchMethodError'{0x00000000a3646dd8}: 'void java.lang.invoke.DelegatingMethodHandle$Holder.reinvoke_L(java.lang.Object, java.lang.Object, java.lang.Object, java.lang.Object, int, java.lang.Object, java.lang.Object, java.lang.Object)'> (0x00000000a3646dd8) 
thrown [s\src\hotspot\share\interpreter\linkResolver.cpp, line 774]
Event: 9.832 Thread 0x000001ef9b342100 Exception <a 'java/lang/NoSuchMethodError'{0x00000000a3280638}: 'int java.lang.invoke.DirectMethodHandle$Holder.invokeStatic(java.lang.Object)'> (0x00000000a3280638) 
thrown [s\src\hotspot\share\interpreter\linkResolver.cpp, line 774]
Event: 10.312 Thread 0x000001ef9b342100 Exception <a 'java/lang/NoSuchMethodError'{0x00000000a3449f58}: 'java.lang.Object java.lang.invoke.DirectMethodHandle$Holder.invokeStaticInit(java.lang.Object, java.lang.Object, java.lang.Object, java.lang.Object)'> (0x00000000a3449f58) 
thrown [s\src\hotspot\share\interpreter\linkResolver.cpp, line 774]
Event: 10.987 Thread 0x000001ef9b342100 Exception <a 'java/lang/IncompatibleClassChangeError'{0x00000000a34d5418}: Found class java.lang.Object, but interface was expected> (0x00000000a34d5418) 
thrown [s\src\hotspot\share\interpreter\linkResolver.cpp, line 841]
Event: 11.021 Thread 0x000001ef9b342100 Exception <a 'java/lang/NoSuchMethodError'{0x00000000a33ad9f0}: 'java.lang.Object java.lang.invoke.DirectMethodHandle$Holder.invokeStatic(java.lang.Object, java.lang.Object, int, java.lang.Object)'> (0x00000000a33ad9f0) 
thrown [s\src\hotspot\share\interpreter\linkResolver.cpp, line 774]
Event: 11.022 Thread 0x000001ef9b342100 Exception <a 'java/lang/NoSuchMethodError'{0x00000000a33b14a8}: 'java.lang.Object java.lang.invoke.DirectMethodHandle$Holder.invokeStaticInit(java.lang.Object, java.lang.Object, int, java.lang.Object)'> (0x00000000a33b14a8) 
thrown [s\src\hotspot\share\interpreter\linkResolver.cpp, line 774]

VM Operations (20 events):
Event: 8.529 Executing VM operation: HandshakeAllThreads done
Event: 8.606 Executing VM operation: HandshakeAllThreads
Event: 8.606 Executing VM operation: HandshakeAllThreads done
Event: 8.641 Executing VM operation: G1CollectForAllocation
Event: 8.645 Executing VM operation: G1CollectForAllocation done
Event: 8.677 Executing VM operation: HandshakeAllThreads
Event: 8.677 Executing VM operation: HandshakeAllThreads done
Event: 9.393 Executing VM operation: G1CollectForAllocation
Event: 9.398 Executing VM operation: G1CollectForAllocation done
Event: 9.928 Executing VM operation: CollectForMetadataAllocation
Event: 9.932 Executing VM operation: CollectForMetadataAllocation done
Event: 9.961 Executing VM operation: G1PauseRemark
Event: 9.964 Executing VM operation: G1PauseRemark done
Event: 9.977 Executing VM operation: G1PauseCleanup
Event: 9.978 Executing VM operation: G1PauseCleanup done
Event: 10.598 Executing VM operation: G1CollectForAllocation
Event: 10.603 Executing VM operation: G1CollectForAllocation done
Event: 10.646 Executing VM operation: G1CollectForAllocation
Event: 10.651 Executing VM operation: G1CollectForAllocation done
Event: 11.301 Executing VM operation: G1CollectForAllocation

Events (20 events):
Event: 0.085 Thread 0x000001efac95db00 Thread added: 0x000001efac95db00
Event: 0.085 Thread 0x000001efac95e430 Thread added: 0x000001efac95e430
Event: 0.086 Thread 0x000001efac961550 Thread added: 0x000001efac961550
Event: 0.266 Thread 0x000001efac9da330 Thread added: 0x000001efac9da330
Event: 0.290 Thread 0x000001efac924de0 Thread added: 0x000001efac924de0
Event: 0.292 Thread 0x000001efac925360 Thread added: 0x000001efac925360
Event: 0.597 Thread 0x000001efac9da880 Thread added: 0x000001efac9da880
Event: 0.597 Thread 0x000001efac9db320 Thread added: 0x000001efac9db320
Event: 1.416 Thread 0x000001efac9db870 Thread added: 0x000001efac9db870
Event: 2.952 Thread 0x000001efac9dbdc0 Thread added: 0x000001efac9dbdc0
Event: 3.979 Thread 0x000001efac9dbdc0 Thread exited: 0x000001efac9dbdc0
Event: 4.737 Thread 0x000001efac9dadd0 Thread added: 0x000001efac9dadd0
Event: 4.878 Thread 0x000001efac9dadd0 Thread exited: 0x000001efac9dadd0
Event: 8.617 Thread 0x000001efac9dadd0 Thread added: 0x000001efac9dadd0
Event: 8.620 Thread 0x000001efac9d8df0 Thread added: 0x000001efac9d8df0
Event: 8.628 Thread 0x000001efac9d9890 Thread added: 0x000001efac9d9890
Event: 8.677 Thread 0x000001efac9dbdc0 Thread added: 0x000001efac9dbdc0
Event: 9.442 Thread 0x000001efac925360 Thread exited: 0x000001efac925360
Event: 10.177 Thread 0x000001efac9d9340 Thread added: 0x000001efac9d9340
Event: 10.296 Thread 0x000001efac9d9de0 Thread added: 0x000001efac9d9de0


Dynamic libraries:
0x00007ff7d0e90000 - 0x00007ff7d0e9d000 	C:\Users\Admin\.jdks\corretto-19.0.2\bin\java.exe
0x00007fff7bac0000 - 0x00007fff7bcc9000 	C:\Windows\SYSTEM32\ntdll.dll
0x00007fff7b330000 - 0x00007fff7b3ed000 	C:\Windows\System32\KERNEL32.DLL
0x00007fff794d0000 - 0x00007fff79854000 	C:\Windows\System32\KERNELBASE.dll
0x00007fff79010000 - 0x00007fff79121000 	C:\Windows\System32\ucrtbase.dll
0x00007fff757c0000 - 0x00007fff757d7000 	C:\Users\Admin\.jdks\corretto-19.0.2\bin\jli.dll
0x00007fff75590000 - 0x00007fff755a5000 	C:\Users\Admin\.jdks\corretto-19.0.2\bin\VCRUNTIME140.dll
0x00007fff7b100000 - 0x00007fff7b2ad000 	C:\Windows\System32\USER32.dll
0x00007fff798e0000 - 0x00007fff79906000 	C:\Windows\System32\win32u.dll
0x00007fff67c60000 - 0x00007fff67f05000 	C:\Windows\WinSxS\amd64_microsoft.windows.common-controls_6595b64144ccf1df_6.0.22000.120_none_9d947278b86cc467\COMCTL32.dll
0x00007fff7b840000 - 0x00007fff7b8e3000 	C:\Windows\System32\msvcrt.dll
0x00007fff7a740000 - 0x00007fff7a76a000 	C:\Windows\System32\GDI32.dll
0x00007fff791a0000 - 0x00007fff792be000 	C:\Windows\System32\gdi32full.dll
0x00007fff79430000 - 0x00007fff794cd000 	C:\Windows\System32\msvcp_win.dll
0x00007fff7b760000 - 0x00007fff7b791000 	C:\Windows\System32\IMM32.DLL
0x00007fff659d0000 - 0x00007fff65a6b000 	C:\Users\Admin\.jdks\corretto-19.0.2\bin\msvcp140.dll
0x00007fff49550000 - 0x00007fff4a229000 	C:\Users\Admin\.jdks\corretto-19.0.2\bin\server\jvm.dll
0x00007fff7b6a0000 - 0x00007fff7b74e000 	C:\Windows\System32\ADVAPI32.dll
0x00007fff7b460000 - 0x00007fff7b4fe000 	C:\Windows\System32\sechost.dll
0x00007fff7b950000 - 0x00007fff7ba71000 	C:\Windows\System32\RPCRT4.dll
0x00007fff72530000 - 0x00007fff72563000 	C:\Windows\SYSTEM32\WINMM.dll
0x00007fff715d0000 - 0x00007fff715da000 	C:\Windows\SYSTEM32\VERSION.dll
0x00007fff53fc0000 - 0x00007fff53fc9000 	C:\Windows\SYSTEM32\WSOCK32.dll
0x00007fff7b2b0000 - 0x00007fff7b31f000 	C:\Windows\System32\WS2_32.dll
0x00007fff77f80000 - 0x00007fff77f98000 	C:\Windows\SYSTEM32\kernel.appcore.dll
0x00007fff75580000 - 0x00007fff7558a000 	C:\Users\Admin\.jdks\corretto-19.0.2\bin\jimage.dll
0x00007fff67030000 - 0x00007fff67251000 	C:\Windows\SYSTEM32\DBGHELP.DLL
0x00007fff66eb0000 - 0x00007fff66ee1000 	C:\Windows\SYSTEM32\dbgcore.DLL
0x00007fff79860000 - 0x00007fff798df000 	C:\Windows\System32\bcryptPrimitives.dll
0x00007fff6bf20000 - 0x00007fff6bf2e000 	C:\Users\Admin\.jdks\corretto-19.0.2\bin\instrument.dll
0x00007fff75550000 - 0x00007fff75576000 	C:\Users\Admin\.jdks\corretto-19.0.2\bin\java.dll
0x00007fff626b0000 - 0x00007fff62786000 	C:\Users\Admin\.jdks\corretto-19.0.2\bin\jsvml.dll
0x00007fff7a930000 - 0x00007fff7b0f5000 	C:\Windows\System32\SHELL32.dll
0x00007fff76fe0000 - 0x00007fff77842000 	C:\Windows\SYSTEM32\windows.storage.dll
0x00007fff7a3c0000 - 0x00007fff7a736000 	C:\Windows\System32\combase.dll
0x00007fff76e70000 - 0x00007fff76fd7000 	C:\Windows\SYSTEM32\wintypes.dll
0x00007fff7a2d0000 - 0x00007fff7a3ba000 	C:\Windows\System32\SHCORE.dll
0x00007fff7b8f0000 - 0x00007fff7b94d000 	C:\Windows\System32\shlwapi.dll
0x00007fff78e80000 - 0x00007fff78ea5000 	C:\Windows\SYSTEM32\profapi.dll
0x00007fff6c9b0000 - 0x00007fff6c9c8000 	C:\Users\Admin\.jdks\corretto-19.0.2\bin\zip.dll
0x00007fff75510000 - 0x00007fff75523000 	C:\Users\Admin\.jdks\corretto-19.0.2\bin\net.dll
0x00007fff738d0000 - 0x00007fff739e4000 	C:\Windows\SYSTEM32\WINHTTP.dll
0x00007fff78420000 - 0x00007fff78487000 	C:\Windows\system32\mswsock.dll
0x00007fff754f0000 - 0x00007fff75505000 	C:\Users\Admin\.jdks\corretto-19.0.2\bin\nio.dll
0x00007fff6bf00000 - 0x00007fff6bf1a000 	C:\Program Files\JetBrains\IntelliJ IDEA 2023.1.3\bin\breakgen64.dll
0x00007fff6bfd0000 - 0x00007fff6bfd8000 	C:\Users\Admin\.jdks\corretto-19.0.2\bin\extnet.dll
0x00007fff77b10000 - 0x00007fff77bf7000 	C:\Windows\SYSTEM32\DNSAPI.dll
0x00007fff77aa0000 - 0x00007fff77acd000 	C:\Windows\SYSTEM32\IPHLPAPI.DLL
0x00007fff79a30000 - 0x00007fff79a39000 	C:\Windows\System32\NSI.dll
0x00007fff6ebd0000 - 0x00007fff6ebda000 	C:\Windows\System32\rasadhlp.dll
0x00007fff71700000 - 0x00007fff71781000 	C:\Windows\System32\fwpuclnt.dll
0x00007fff6bef0000 - 0x00007fff6bef9000 	C:\Users\Admin\.jdks\corretto-19.0.2\bin\management.dll
0x00007fff6bee0000 - 0x00007fff6beeb000 	C:\Users\Admin\.jdks\corretto-19.0.2\bin\management_ext.dll
0x00007fff79970000 - 0x00007fff79978000 	C:\Windows\System32\PSAPI.DLL
0x00007fff786f0000 - 0x00007fff78708000 	C:\Windows\SYSTEM32\CRYPTSP.dll
0x00007fff77ee0000 - 0x00007fff77f15000 	C:\Windows\system32\rsaenh.dll
0x00007fff784c0000 - 0x00007fff784ec000 	C:\Windows\SYSTEM32\USERENV.dll
0x00007fff788a0000 - 0x00007fff788c7000 	C:\Windows\SYSTEM32\bcrypt.dll
0x00007fff78610000 - 0x00007fff7861c000 	C:\Windows\SYSTEM32\CRYPTBASE.dll
0x00007fff73a30000 - 0x00007fff73a49000 	C:\Windows\SYSTEM32\dhcpcsvc6.DLL
0x00007fff73de0000 - 0x00007fff73dfe000 	C:\Windows\SYSTEM32\dhcpcsvc.DLL
0x00007fff746b0000 - 0x00007fff746c7000 	C:\Windows\system32\napinsp.dll
0x00007fff727e0000 - 0x00007fff727fb000 	C:\Windows\system32\pnrpnsp.dll
0x00007fff53de0000 - 0x00007fff53df2000 	C:\Windows\System32\winrnr.dll
0x00007fff58ff0000 - 0x00007fff59005000 	C:\Windows\system32\wshbth.dll
0x00007fff53790000 - 0x00007fff537af000 	C:\Windows\system32\nlansp_c.dll
0x00007fff6bed0000 - 0x00007fff6bede000 	C:\Users\Admin\.jdks\corretto-19.0.2\bin\sunmscapi.dll
0x00007fff792c0000 - 0x00007fff79422000 	C:\Windows\System32\CRYPT32.dll
0x00007fff78800000 - 0x00007fff78828000 	C:\Windows\SYSTEM32\ncrypt.dll
0x00007fff787c0000 - 0x00007fff787f7000 	C:\Windows\SYSTEM32\NTASN1.dll
0x00007fff748e0000 - 0x00007fff748f0000 	C:\Users\Admin\.jdks\corretto-19.0.2\bin\verify.dll

dbghelp: loaded successfully - version: 4.0.5 - missing functions: none
symbol engine: initialized successfully - sym options: 0x614 - pdb path: .;C:\Users\Admin\.jdks\corretto-19.0.2\bin;C:\Windows\SYSTEM32;C:\Windows\WinSxS\amd64_microsoft.windows.common-controls_6595b64144ccf1df_6.0.22000.120_none_9d947278b86cc467;C:\Users\Admin\.jdks\corretto-19.0.2\bin\server;C:\Program Files\JetBrains\IntelliJ IDEA 2023.1.3\bin

VM Arguments:
jvm_args: -XX:TieredStopAtLevel=1 -Dspring.output.ansi.enabled=always -Dcom.sun.management.jmxremote -Dspring.jmx.enabled=true -Dspring.liveBeansView.mbeanDomain -Dspring.application.admin.enabled=true -Dmanagement.endpoints.jmx.exposure.include=* -javaagent:C:\Program Files\JetBrains\IntelliJ IDEA 2023.1.3\lib\idea_rt.jar=61613:C:\Program Files\JetBrains\IntelliJ IDEA 2023.1.3\bin -Dfile.encoding=UTF-8 -Dsun.stdout.encoding=UTF-8 -Dsun.stderr.encoding=UTF-8 
java_command: co.edu.cue.CinemaGarcia.TestSpringApplication
java_class_path (initial): C:\Users\Admin\Programacion2\Corte 3\FinalProyect\target\classes;C:\Users\Admin\.m2\repository\org\springframework\boot\spring-boot-starter-web\3.1.5\spring-boot-starter-web-3.1.5.jar;C:\Users\Admin\.m2\repository\org\springframework\boot\spring-boot-starter\3.1.5\spring-boot-starter-3.1.5.jar;C:\Users\Admin\.m2\repository\org\springframework\boot\spring-boot\3.1.5\spring-boot-3.1.5.jar;C:\Users\Admin\.m2\repository\org\springframework\boot\spring-boot-autoconfigure\3.1.5\spring-boot-autoconfigure-3.1.5.jar;C:\Users\Admin\.m2\repository\org\springframework\boot\spring-boot-starter-logging\3.1.5\spring-boot-starter-logging-3.1.5.jar;C:\Users\Admin\.m2\repository\ch\qos\logback\logback-classic\1.4.11\logback-classic-1.4.11.jar;C:\Users\Admin\.m2\repository\ch\qos\logback\logback-core\1.4.11\logback-core-1.4.11.jar;C:\Users\Admin\.m2\repository\org\apache\logging\log4j\log4j-to-slf4j\2.20.0\log4j-to-slf4j-2.20.0.jar;C:\Users\Admin\.m2\repository\org\apache\logging\log4j\log4j-api\2.20.0\log4j-api-2.20.0.jar;C:\Users\Admin\.m2\repository\org\slf4j\jul-to-slf4j\2.0.9\jul-to-slf4j-2.0.9.jar;C:\Users\Admin\.m2\repository\jakarta\annotation\jakarta.annotation-api\2.1.1\jakarta.annotation-api-2.1.1.jar;C:\Users\Admin\.m2\repository\org\yaml\snakeyaml\1.33\snakeyaml-1.33.jar;C:\Users\Admin\.m2\repository\org\springframework\boot\spring-boot-starter-json\3.1.5\spring-boot-starter-json-3.1.5.jar;C:\Users\Admin\.m2\repository\com\fasterxml\jackson\core\jackson-databind\2.15.3\jackson-databind-2.15.3.jar;C:\Users\Admin\.m2\repository\com\fasterxml\jackson\core\jackson-annotations\2.15.3\jackson-annotations-2.15.3.jar;C:\Users\Admin\.m2\repository\com\fasterxml\jackson\core\jackson-core\2.15.3\jackson-core-2.15.3.jar;C:\Users\Admin\.m2\repository\com\fasterxml\jackson\datatype\jackson-datatype-jdk8\2.15.3\jackson-datatype-jdk8-2.15.3.jar;C:\Users\Admin\.m2\repository\com\fasterxml\jackson\datatype\jackson-datatype-jsr310\2.15.3\jackson-datatype-jsr310-2.15.3.jar;C:\Users\Admin\.m2\repository\com\fasterxml\jackson\module\jackson-module-parameter-names\2.15.3\jackson-module-parameter-names-2.15.3.jar;C:\Users\Admin\.m2\repository\org\springframework\boot\spring-boot-starter-tomcat\3.1.5\spring-boot-starter-tomcat-3.1.5.jar;C:\Users\Admin\.m2\repository\org\apache\tomcat\embed\tomcat-embed-core\10.1.15\tomcat-embed-core-10.1.15.jar;C:\Users\Admin\.m2\repository\org\apache\tomcat\embed\tomcat-embed-el\10.1.15\tomcat-embed-el-10.1.15.jar;C:\Users\Admin\.m2\repository\org\apache\tomcat\embed\tomcat-embed-websocket\10.1.15\tomcat-embed-websocket-10.1.15.jar;C:\Users\Admin\.m2\repository\org\springframework\spring-web\6.0.13\spring-web-6.0.13.jar;C:\Users\Admin\.m2\repository\org\springframework\spring-beans\6.0.13\spring-beans-6.0.13.jar;C:\Users\Admin\.m2\repository\io\micrometer\micrometer-observation\1.11.5\micrometer-observation-1.11.5.jar;C:\Users\Admin\.m2\repository\io\micrometer\micrometer-commons\1.11.5\micrometer-commons-1.11.5.jar;C:\Users\Admin\.m2\repository\org\springframework\spring-webmvc\6.0.13\spring-webmvc-6.0.13.jar;C:\Users\Admin\.m2\repository\org\springframework\spring-context\6.0.13\spring-context-6.0.13.jar;C:\Users\Admin\.m2\repository\org\springframework\spring-expression\6.0.13\spring-expression-6.0.13.jar;C:\Users\Admin\.m2\repository\org\springframework\boot\spring-boot-starter-thymeleaf\3.1.5\spring-boot-starter-thymeleaf-3.1.5.jar;C:\Users\Admin\.m2\repository\org\thymeleaf\thymeleaf-spring6\3.1.2.RELEASE\thymeleaf-spring6-3.1.2.RELEASE.jar;C:\Users\Admin\.m2\repository\org\thymeleaf\thymeleaf\3.1.2.RELEASE\thymeleaf-3.1.2.RELEASE.jar;C:\Users\Admin\.m2\repository\org\attoparser\attoparser\2.0.7.RELEASE\attoparser-2.0.7.RELEASE.jar;C:\Users\Admin\.m2\repository\org\unbescape\unbescape\1.1.6.RELEASE\unbescape-1.1.6.RELEASE.jar;C:\Users\Admin\.m2\repository\org\slf4j\slf4j-api\2.0.9\slf4j-api-2.0.9.jar;C:\Users\Admin\.m2\repository\org\springframework\boot\spring-boot-starter-data-jpa\3.1.5\spring-boot-starter-data-jpa-3.1.5.jar;C:\Users\Admin\.m2\repository\org\springframework\boot\spring-boot-starter-aop\3.1.5\spring-boot-starter-aop-3.1.5.jar;C:\Users\Admin\.m2\repository\org\aspectj\aspectjweaver\1.9.20\aspectjweaver-1.9.20.jar;C:\Users\Admin\.m2\repository\org\springframework\boot\spring-boot-starter-jdbc\3.1.5\spring-boot-starter-jdbc-3.1.5.jar;C:\Users\Admin\.m2\repository\com\zaxxer\HikariCP\5.0.1\HikariCP-5.0.1.jar;C:\Users\Admin\.m2\repository\org\springframework\spring-jdbc\6.0.13\spring-jdbc-6.0.13.jar;C:\Users\Admin\.m2\repository\org\hibernate\orm\hibernate-core\6.2.13.Final\hibernate-core-6.2.13.Final.jar;C:\Users\Admin\.m2\repository\jakarta\persistence\jakarta.persistence-api\3.1.0\jakarta.persistence-api-3.1.0.jar;C:\Users\Admin\.m2\repository\jakarta\transaction\jakarta.transaction-api\2.0.1\jakarta.transaction-api-2.0.1.jar;C:\Users\Admin\.m2\repository\org\jboss\logging\jboss-logging\3.5.3.Final\jboss-logging-3.5.3.Final.jar;C:\Users\Admin\.m2\repository\org\hibernate\common\hibernate-commons-annotations\6.0.6.Final\hibernate-commons-annotations-6.0.6.Final.jar;C:\Users\Admin\.m2\repository\io\smallrye\jandex\3.0.5\jandex-3.0.5.jar;C:\Users\Admin\.m2\repository\com\fasterxml\classmate\1.5.1\classmate-1.5.1.jar;C:\Users\Admin\.m2\repository\net\bytebuddy\byte-buddy\1.14.9\byte-buddy-1.14.9.jar;C:\Users\Admin\.m2\repository\org\glassfish\jaxb\jaxb-runtime\4.0.3\jaxb-runtime-4.0.3.jar;C:\Users\Admin\.m2\repository\org\glassfish\jaxb\jaxb-core\4.0.3\jaxb-core-4.0.3.jar;C:\Users\Admin\.m2\repository\org\eclipse\angus\angus-activation\2.0.1\angus-activation-2.0.1.jar;C:\Users\Admin\.m2\repository\org\glassfish\jaxb\txw2\4.0.3\txw2-4.0.3.jar;C:\Users\Admin\.m2\repository\com\sun\istack\istack-commons-runtime\4.1.2\istack-commons-runtime-4.1.2.jar;C:\Users\Admin\.m2\repository\jakarta\inject\jakarta.inject-api\2.0.1\jakarta.inject-api-2.0.1.jar;C:\Users\Admin\.m2\repository\org\antlr\antlr4-runtime\4.10.1\antlr4-runtime-4.10.1.jar;C:\Users\Admin\.m2\repository\org\springframework\data\spring-data-jpa\3.1.5\spring-data-jpa-3.1.5.jar;C:\Users\Admin\.m2\repository\org\springframework\data\spring-data-commons\3.1.5\spring-data-commons-3.1.5.jar;C:\Users\Admin\.m2\repository\org\springframework\spring-orm\6.0.13\spring-orm-6.0.13.jar;C:\Users\Admin\.m2\repository\org\springframework\spring-tx\6.0.13\spring-tx-6.0.13.jar;C:\Users\Admin\.m2\repository\org\springframework\spring-aspects\6.0.13\spring-aspects-6.0.13.jar;C:\Users\Admin\.m2\repository\org\projectlombok\lombok\1.18.30\lombok-1.18.30.jar;C:\Users\Admin\.m2\repository\jakarta\xml\bind\jakarta.xml.bind-api\4.0.1\jakarta.xml.bind-api-4.0.1.jar;C:\Users\Admin\.m2\repository\jakarta\activation\jakarta.activation-api\2.1.2\jakarta.activation-api-2.1.2.jar;C:\Users\Admin\.m2\repository\org\springframework\spring-core\6.0.13\spring-core-6.0.13.jar;C:\Users\Admin\.m2\repository\org\springframework\spring-jcl\6.0.13\spring-jcl-6.0.13.jar;C:\Users\Admin\.m2\repository\com\mysql\mysql-connector-j\8.0.33\mysql-connector-j-8.0.33.jar;C:\Users\Admin\.m2\repository\org\springframework\boot\spring-boot-starter-security\3.1.5\spring-boot-starter-security-3.1.5.jar;C:\Users\Admin\.m2\repository\org\springframework\spring-aop\6.0.13\spring-aop-6.0.13.jar;C:\Users\Admin\.m2\repository\org\springframework\security\spring-security-config\6.1.5\spring-security-config-6.1.5.jar;C:\Users\Admin\.m2\repository\org\springframework\security\spring-security-core\6.1.5\spring-security-core-6.1.5.jar;C:\Users\Admin\.m2\repository\org\springframework\security\spring-security-crypto\6.1.5\spring-security-crypto-6.1.5.jar;C:\Users\Admin\.m2\repository\org\springframework\security\spring-security-web\6.1.5\spring-security-web-6.1.5.jar
Launcher Type: SUN_STANDARD

[Global flags]
     intx CICompilerCount                          = 4                                         {product} {ergonomic}
     uint ConcGCThreads                            = 2                                         {product} {ergonomic}
     uint G1ConcRefinementThreads                  = 8                                         {product} {ergonomic}
   size_t G1HeapRegionSize                         = 1048576                                   {product} {ergonomic}
    uintx GCDrainStackTargetSize                   = 64                                        {product} {ergonomic}
   size_t InitialHeapSize                          = 100663296                                 {product} {ergonomic}
     bool ManagementServer                         = true                                      {product} {command line}
   size_t MarkStackSize                            = 4194304                                   {product} {ergonomic}
   size_t MaxHeapSize                              = 1598029824                                {product} {ergonomic}
   size_t MaxNewSize                               = 958398464                                 {product} {ergonomic}
   size_t MinHeapDeltaBytes                        = 1048576                                   {product} {ergonomic}
   size_t MinHeapSize                              = 8388608                                   {product} {ergonomic}
    uintx NonProfiledCodeHeapSize                  = 0                                      {pd product} {ergonomic}
     bool ProfileInterpreter                       = false                                  {pd product} {command line}
    uintx ProfiledCodeHeapSize                     = 0                                      {pd product} {ergonomic}
   size_t SoftMaxHeapSize                          = 1598029824                             {manageable} {ergonomic}
     intx TieredStopAtLevel                        = 1                                         {product} {command line}
     bool UseCompressedClassPointers               = true                           {product lp64_product} {ergonomic}
     bool UseCompressedOops                        = true                           {product lp64_product} {ergonomic}
     bool UseG1GC                                  = true                                      {product} {ergonomic}
     bool UseLargePagesIndividualAllocation        = false                                  {pd product} {ergonomic}

Logging:
Log output configuration:
 #0: stdout all=warning uptime,level,tags foldmultilines=false
 #1: stderr all=off uptime,level,tags foldmultilines=false

Environment Variables:
PATH=C:\Windows\system32;C:\Windows;C:\Windows\System32\Wbem;C:\Windows\System32\WindowsPowerShell\v1.0\;C:\Windows\System32\OpenSSH\;C:\Program Files\Git\cmd;C:\Program Files\Docker\Docker\resources\bin;C:\Users\Admin\AppData\Local\Microsoft\WindowsApps;C:\Users\Admin\AppData\Local\GitHubDesktop\bin;C:\Users\Admin\AppData\Local\Programs\Microsoft VS Code\bin;C:\Program Files\MariaDB 11.1\bin;
USERNAME=Admin
OS=Windows_NT
PROCESSOR_IDENTIFIER=AMD64 Family 23 Model 24 Stepping 1, AuthenticAMD
TMP=C:\Users\Admin\AppData\Local\Temp
TEMP=C:\Users\Admin\AppData\Local\Temp



---------------  S Y S T E M  ---------------

OS:
 Windows 11 , 64 bit Build 22000 (10.0.22000.2538)
OS uptime: 0 days 11:29 hours
Hyper-V role detected

CPU: total 8 (initial active 8) (8 cores per cpu, 2 threads per core) family 23 model 24 stepping 1 microcode 0x0, cx8, cmov, fxsr, ht, mmx, 3dnowpref, sse, sse2, sse3, ssse3, sse4a, sse4.1, sse4.2, popcnt, lzcnt, tsc, tscinvbit, avx, avx2, aes, clmul, bmi1, bmi2, adx, sha, fma, vzeroupper, clflush, clflushopt, hv, rdtscp

Memory: 4k page, system-wide physical 6091M (205M free)
TotalPageFile size 24523M (AvailPageFile size 15M)
current process WorkingSet (physical memory assigned to process): 162M, peak: 162M
current process commit charge ("private bytes"): 201M, peak: 246M

vm_info: OpenJDK 64-Bit Server VM (19.0.2+7-FR) for windows-amd64 JRE (19.0.2+7-FR), built on Jan 13 2023 22:53:32 by "Administrator" with MS VC++ 15.9 (VS2017)

END.
